# JRE version: OpenJDK Runtime Environment (8.0_202) (build 1.8.0_202-release-1483-b49-5587405)
# Java VM: OpenJDK 64-Bit Server VM (25.202-b49-5587405 mixed mode bsd-amd64 compressed oops)
Heap:
 PSYoungGen      total 352256K, used 46661K [0x00000007a0000000, 0x00000007bbd80000, 0x00000007c0000000)
  eden space 304128K, 0% used [0x00000007a0000000,0x00000007a0000000,0x00000007b2900000)
  from space 48128K, 96% used [0x00000007b2900000,0x00000007b5691730,0x00000007b5800000)
  to   space 54784K, 0% used [0x00000007b8800000,0x00000007b8800000,0x00000007bbd80000)
 ParOldGen       total 155648K, used 70073K [0x0000000760000000, 0x0000000769800000, 0x00000007a0000000)
  object space 155648K, 45% used [0x0000000760000000,0x000000076446e668,0x0000000769800000)
 Metaspace       used 94283K, capacity 98530K, committed 98560K, reserved 1134592K
  class space    used 12167K, capacity 13035K, committed 13056K, reserved 1048576K
GC Heap History (10 events):
Event: 86.720 GC heap after
Heap after GC invocations=18 (full 3):
 PSYoungGen      total 284672K, used 26432K [0x00000007a0000000, 0x00000007b6200000, 0x00000007c0000000)
  eden space 245248K, 0% used [0x00000007a0000000,0x00000007a0000000,0x00000007aef80000)
  from space 39424K, 67% used [0x00000007aef80000,0x00000007b09502e0,0x00000007b1600000)
  to   space 40960K, 0% used [0x00000007b3a00000,0x00000007b3a00000,0x00000007b6200000)
 ParOldGen       total 155648K, used 70041K [0x0000000760000000, 0x0000000769800000, 0x00000007a0000000)
  object space 155648K, 45% used [0x0000000760000000,0x0000000764466668,0x0000000769800000)
 Metaspace       used 78583K, capacity 82088K, committed 82176K, reserved 1120256K
  class space    used 10272K, capacity 10994K, committed 11008K, reserved 1048576K
}
Event: 90.016 GC heap before
{Heap before GC invocations=19 (full 3):
 PSYoungGen      total 284672K, used 271680K [0x00000007a0000000, 0x00000007b6200000, 0x00000007c0000000)
  eden space 245248K, 100% used [0x00000007a0000000,0x00000007aef80000,0x00000007aef80000)
  from space 39424K, 67% used [0x00000007aef80000,0x00000007b09502e0,0x00000007b1600000)
  to   space 40960K, 0% used [0x00000007b3a00000,0x00000007b3a00000,0x00000007b6200000)
 ParOldGen       total 155648K, used 70041K [0x0000000760000000, 0x0000000769800000, 0x00000007a0000000)
  object space 155648K, 45% used [0x0000000760000000,0x0000000764466668,0x0000000769800000)
 Metaspace       used 80734K, capacity 84348K, committed 84480K, reserved 1122304K
  class space    used 10489K, capacity 11230K, committed 11264K, reserved 1048576K
Event: 90.077 GC heap after
Heap after GC invocations=19 (full 3):
 PSYoungGen      total 320000K, used 28241K [0x00000007a0000000, 0x00000007b6e80000, 0x00000007c0000000)
  eden space 279040K, 0% used [0x00000007a0000000,0x00000007a0000000,0x00000007b1080000)
  from space 40960K, 68% used [0x00000007b3a00000,0x00000007b5594718,0x00000007b6200000)
  to   space 42496K, 0% used [0x00000007b1080000,0x00000007b1080000,0x00000007b3a00000)
 ParOldGen       total 155648K, used 70049K [0x0000000760000000, 0x0000000769800000, 0x00000007a0000000)
  object space 155648K, 45% used [0x0000000760000000,0x0000000764468668,0x0000000769800000)
 Metaspace       used 80734K, capacity 84348K, committed 84480K, reserved 1122304K
  class space    used 10489K, capacity 11230K, committed 11264K, reserved 1048576K
}
Event: 362.170 GC heap before
{Heap before GC invocations=20 (full 3):
 PSYoungGen      total 320000K, used 307281K [0x00000007a0000000, 0x00000007b6e80000, 0x00000007c0000000)
  eden space 279040K, 100% used [0x00000007a0000000,0x00000007b1080000,0x00000007b1080000)
  from space 40960K, 68% used [0x00000007b3a00000,0x00000007b5594718,0x00000007b6200000)
  to   space 42496K, 0% used [0x00000007b1080000,0x00000007b1080000,0x00000007b3a00000)
 ParOldGen       total 155648K, used 70049K [0x0000000760000000, 0x0000000769800000, 0x00000007a0000000)
  object space 155648K, 45% used [0x0000000760000000,0x0000000764468668,0x0000000769800000)
 Metaspace       used 81826K, capacity 85490K, committed 85632K, reserved 1124352K
  class space    used 10601K, capacity 11371K, committed 11392K, reserved 1048576K
Event: 362.323 GC heap after
Heap after GC invocations=20 (full 3):
 PSYoungGen      total 321536K, used 37392K [0x00000007a0000000, 0x00000007b8700000, 0x00000007c0000000)
  eden space 279040K, 0% used [0x00000007a0000000,0x00000007a0000000,0x00000007b1080000)
  from space 42496K, 87% used [0x00000007b1080000,0x00000007b35041b8,0x00000007b3a00000)
  to   space 46592K, 0% used [0x00000007b5980000,0x00000007b5980000,0x00000007b8700000)
 ParOldGen       total 155648K, used 70057K [0x0000000760000000, 0x0000000769800000, 0x00000007a0000000)
  object space 155648K, 45% used [0x0000000760000000,0x000000076446a668,0x0000000769800000)
 Metaspace       used 81826K, capacity 85490K, committed 85632K, reserved 1124352K
  class space    used 10601K, capacity 11371K, committed 11392K, reserved 1048576K
}
Event: 379.435 GC heap before
{Heap before GC invocations=21 (full 3):
 PSYoungGen      total 321536K, used 316432K [0x00000007a0000000, 0x00000007b8700000, 0x00000007c0000000)
  eden space 279040K, 100% used [0x00000007a0000000,0x00000007b1080000,0x00000007b1080000)
  from space 42496K, 87% used [0x00000007b1080000,0x00000007b35041b8,0x00000007b3a00000)
  to   space 46592K, 0% used [0x00000007b5980000,0x00000007b5980000,0x00000007b8700000)
 ParOldGen       total 155648K, used 70057K [0x0000000760000000, 0x0000000769800000, 0x00000007a0000000)
  object space 155648K, 45% used [0x0000000760000000,0x000000076446a668,0x0000000769800000)
 Metaspace       used 86344K, capacity 90238K, committed 90496K, reserved 1128448K
  class space    used 11250K, capacity 12047K, committed 12160K, reserved 1048576K
Event: 379.493 GC heap after
Heap after GC invocations=21 (full 3):
 PSYoungGen      total 350720K, used 31733K [0x00000007a0000000, 0x00000007b8700000, 0x00000007c0000000)
  eden space 304128K, 0% used [0x00000007a0000000,0x00000007a0000000,0x00000007b2900000)
  from space 46592K, 68% used [0x00000007b5980000,0x00000007b787d6b8,0x00000007b8700000)
  to   space 48128K, 0% used [0x00000007b2900000,0x00000007b2900000,0x00000007b5800000)
 ParOldGen       total 155648K, used 70065K [0x0000000760000000, 0x0000000769800000, 0x00000007a0000000)
  object space 155648K, 45% used [0x0000000760000000,0x000000076446c668,0x0000000769800000)
 Metaspace       used 86344K, capacity 90238K, committed 90496K, reserved 1128448K
  class space    used 11250K, capacity 12047K, committed 12160K, reserved 1048576K
}
Event: 382.693 GC heap before
{Heap before GC invocations=22 (full 3):
 PSYoungGen      total 350720K, used 255963K [0x00000007a0000000, 0x00000007b8700000, 0x00000007c0000000)
  eden space 304128K, 73% used [0x00000007a0000000,0x00000007adaf9640,0x00000007b2900000)
  from space 46592K, 68% used [0x00000007b5980000,0x00000007b787d6b8,0x00000007b8700000)
  to   space 48128K, 0% used [0x00000007b2900000,0x00000007b2900000,0x00000007b5800000)
 ParOldGen       total 155648K, used 70065K [0x0000000760000000, 0x0000000769800000, 0x00000007a0000000)
  object space 155648K, 45% used [0x0000000760000000,0x000000076446c668,0x0000000769800000)
 Metaspace       used 94283K, capacity 98530K, committed 98560K, reserved 1134592K
  class space    used 12167K, capacity 13035K, committed 13056K, reserved 1048576K
Event: 382.785 GC heap after
Heap after GC invocations=22 (full 3):
 PSYoungGen      total 352256K, used 46661K [0x00000007a0000000, 0x00000007bbd80000, 0x00000007c0000000)
  eden space 304128K, 0% used [0x00000007a0000000,0x00000007a0000000,0x00000007b2900000)
  from space 48128K, 96% used [0x00000007b2900000,0x00000007b5691730,0x00000007b5800000)
  to   space 54784K, 0% used [0x00000007b8800000,0x00000007b8800000,0x00000007bbd80000)
 ParOldGen       total 155648K, used 70073K [0x0000000760000000, 0x0000000769800000, 0x00000007a0000000)
  object space 155648K, 45% used [0x0000000760000000,0x000000076446e668,0x0000000769800000)
 Metaspace       used 94283K, capacity 98530K, committed 98560K, reserved 1134592K
  class space    used 12167K, capacity 13035K, committed 13056K, reserved 1048576K
}
Event: 382.785 GC heap before
{Heap before GC invocations=23 (full 4):
 PSYoungGen      total 352256K, used 46661K [0x00000007a0000000, 0x00000007bbd80000, 0x00000007c0000000)
  eden space 304128K, 0% used [0x00000007a0000000,0x00000007a0000000,0x00000007b2900000)
  from space 48128K, 96% used [0x00000007b2900000,0x00000007b5691730,0x00000007b5800000)
  to   space 54784K, 0% used [0x00000007b8800000,0x00000007b8800000,0x00000007bbd80000)
 ParOldGen       total 155648K, used 70073K [0x0000000760000000, 0x0000000769800000, 0x00000007a0000000)
  object space 155648K, 45% used [0x0000000760000000,0x000000076446e668,0x0000000769800000)
 Metaspace       used 94283K, capacity 98530K, committed 98560K, reserved 1134592K
  class space    used 12167K, capacity 13035K, committed 13056K, reserved 1048576K

